<?xml version="1.0" encoding="UTF-8"?>
<!-- Generated by org.testng.reporters.JUnitXMLReporter -->
<testsuite ignored="0" hostname="Aelaina" failures="0" tests="6" name="Test" time="0.063" errors="0" timestamp="2023-08-27T22:25:13 EDT">
  <testcase classname="seleniumJava.appiumTest" name="appiumIosApp" time="0.009"/>
  <testcase classname="seleniumJava.appiumTest" name="appiumNativeApp" time="0.002"/>
  <testcase classname="seleniumJava.restApiTest" name="restApiDeleteTwitter" time="0.001"/>
  <testcase classname="seleniumJava.restApiTest" name="restApiPostjira" time="0.001"/>
  <testcase classname="seleniumJava.seleniumTest" name="seleniumBrowse" time="0.0"/>
  <testcase classname="seleniumJava.seleniumTest" name="seleniumElement" time="0.001"/>
</testsuite> <!-- Test -->
